{
  "stats": {
    "suites": 2,
    "tests": 2,
    "passes": 0,
    "pending": 0,
    "failures": 2,
    "start": "2022-02-12T09:04:50.268Z",
    "end": "2022-02-12T09:04:50.275Z",
    "duration": 7,
    "testsRegistered": 2,
    "passPercent": 0,
    "pendingPercent": 0,
    "other": 0,
    "hasOther": false,
    "skipped": 0,
    "hasSkipped": false
  },
  "results": [
    {
      "uuid": "2dbc9a30-43d7-4c50-a52b-0bcd2f6d864e",
      "title": "",
      "fullFile": "",
      "file": "",
      "beforeHooks": [],
      "afterHooks": [],
      "tests": [],
      "suites": [
        {
          "uuid": "d9b20549-95b2-4263-bf97-2322391b6f5d",
          "title": "test 1 ordena noms",
          "fullFile": "/home/knna/examenPPS/PPS_examen_js/test/examen.spec.js",
          "file": "/test/examen.spec.js",
          "beforeHooks": [],
          "afterHooks": [],
          "tests": [
            {
              "title": "case 01",
              "fullTitle": "test 1 ordena noms case 01",
              "timedOut": false,
              "duration": 3,
              "state": "failed",
              "speed": null,
              "pass": false,
              "fail": true,
              "pending": false,
              "context": null,
              "code": "expect(o1.ordena_noms(students)).to.eql(ordenaNoms);",
              "err": {
                "message": "AssertionError: expected undefined to deeply equal [ { alumne: 'Juan Gris', …(1) }, …(5) ]",
                "estack": "AssertionError: expected undefined to deeply equal [ { alumne: 'Juan Gris', …(1) }, …(5) ]\n    at Context.it (test/examen.spec.js:40:41)",
                "diff": null
              },
              "uuid": "c70719ec-e4c8-4173-936f-22ae0b791eb8",
              "parentUUID": "d9b20549-95b2-4263-bf97-2322391b6f5d",
              "isHook": false,
              "skipped": false
            }
          ],
          "suites": [],
          "passes": [],
          "failures": [
            "c70719ec-e4c8-4173-936f-22ae0b791eb8"
          ],
          "pending": [],
          "skipped": [],
          "duration": 3,
          "root": false,
          "rootEmpty": false,
          "_timeout": 2000
        },
        {
          "uuid": "85b65d73-d5c5-4a9b-a848-dc043fbc4eeb",
          "title": "Test 2 ordena dates",
          "fullFile": "/home/knna/examenPPS/PPS_examen_js/test/examen.spec.js",
          "file": "/test/examen.spec.js",
          "beforeHooks": [],
          "afterHooks": [],
          "tests": [
            {
              "title": "case 02",
              "fullTitle": "Test 2 ordena dates case 02",
              "timedOut": false,
              "duration": 0,
              "state": "failed",
              "speed": null,
              "pass": false,
              "fail": true,
              "pending": false,
              "context": null,
              "code": "expect(o2.ordena_dates(students)).to.eql(ordenaDates);",
              "err": {
                "message": "ReferenceError: sortedArray is not defined",
                "estack": "ReferenceError: sortedArray is not defined\n    at Ordena.ordena_dates (examen.js:12:5)\n    at Context.it (test/examen.spec.js:46:15)",
                "diff": null
              },
              "uuid": "a03289a8-f531-44c8-8948-6b8faa7a2053",
              "parentUUID": "85b65d73-d5c5-4a9b-a848-dc043fbc4eeb",
              "isHook": false,
              "skipped": false
            }
          ],
          "suites": [],
          "passes": [],
          "failures": [
            "a03289a8-f531-44c8-8948-6b8faa7a2053"
          ],
          "pending": [],
          "skipped": [],
          "duration": 0,
          "root": false,
          "rootEmpty": false,
          "_timeout": 2000
        }
      ],
      "passes": [],
      "failures": [],
      "pending": [],
      "skipped": [],
      "duration": 0,
      "root": true,
      "rootEmpty": true,
      "_timeout": 2000
    }
  ],
  "meta": {
    "mocha": {
      "version": "9.2.0"
    },
    "mochawesome": {
      "options": {
        "quiet": false,
        "reportFilename": "mochawesome",
        "saveHtml": true,
        "saveJson": true,
        "consoleReporter": "spec",
        "useInlineDiffs": false,
        "code": true
      },
      "version": "7.0.1"
    },
    "marge": {
      "options": null,
      "version": "6.0.1"
    }
  }
}