{
  "stats": {
    "suites": 2,
    "tests": 2,
    "passes": 0,
    "pending": 0,
    "failures": 2,
    "start": "2022-02-12T09:10:29.036Z",
    "end": "2022-02-12T09:10:29.043Z",
    "duration": 7,
    "testsRegistered": 2,
    "passPercent": 0,
    "pendingPercent": 0,
    "other": 0,
    "hasOther": false,
    "skipped": 0,
    "hasSkipped": false
  },
  "results": [
    {
      "uuid": "4385806e-8fce-4424-a00c-b75b220bd969",
      "title": "",
      "fullFile": "",
      "file": "",
      "beforeHooks": [],
      "afterHooks": [],
      "tests": [],
      "suites": [
        {
          "uuid": "69995b6d-38a3-4829-8dc6-ba8234bdd8d5",
          "title": "test 1 ordena noms",
          "fullFile": "/home/knna/examenPPS/PPS_examen_js/test/examen.spec.js",
          "file": "/test/examen.spec.js",
          "beforeHooks": [],
          "afterHooks": [],
          "tests": [
            {
              "title": "case 01",
              "fullTitle": "test 1 ordena noms case 01",
              "timedOut": false,
              "duration": 2,
              "state": "failed",
              "speed": null,
              "pass": false,
              "fail": true,
              "pending": false,
              "context": null,
              "code": "expect(o1.ordena_noms(students)).to.eql(ordenaNoms);",
              "err": {
                "message": "AssertionError: expected undefined to deeply equal [ { alumne: 'Juan Gris', …(1) }, …(5) ]",
                "estack": "AssertionError: expected undefined to deeply equal [ { alumne: 'Juan Gris', …(1) }, …(5) ]\n    at Context.it (test/examen.spec.js:40:41)",
                "diff": null
              },
              "uuid": "56defad0-898c-4ea2-b328-a754bbd6920c",
              "parentUUID": "69995b6d-38a3-4829-8dc6-ba8234bdd8d5",
              "isHook": false,
              "skipped": false
            }
          ],
          "suites": [],
          "passes": [],
          "failures": [
            "56defad0-898c-4ea2-b328-a754bbd6920c"
          ],
          "pending": [],
          "skipped": [],
          "duration": 2,
          "root": false,
          "rootEmpty": false,
          "_timeout": 2000
        },
        {
          "uuid": "74f6e9fa-2572-4348-88bd-ab5619df7d67",
          "title": "Test 2 ordena dates",
          "fullFile": "/home/knna/examenPPS/PPS_examen_js/test/examen.spec.js",
          "file": "/test/examen.spec.js",
          "beforeHooks": [],
          "afterHooks": [],
          "tests": [
            {
              "title": "case 02",
              "fullTitle": "Test 2 ordena dates case 02",
              "timedOut": false,
              "duration": 0,
              "state": "failed",
              "speed": null,
              "pass": false,
              "fail": true,
              "pending": false,
              "context": null,
              "code": "expect(o2.ordena_dates(students)).to.eql(ordenaDates);",
              "err": {
                "message": "ReferenceError: sortedArray is not defined",
                "estack": "ReferenceError: sortedArray is not defined\n    at Ordena.ordena_dates (examen.js:12:5)\n    at Context.it (test/examen.spec.js:46:15)",
                "diff": null
              },
              "uuid": "37755143-a395-4143-acaa-6a9df4b5c479",
              "parentUUID": "74f6e9fa-2572-4348-88bd-ab5619df7d67",
              "isHook": false,
              "skipped": false
            }
          ],
          "suites": [],
          "passes": [],
          "failures": [
            "37755143-a395-4143-acaa-6a9df4b5c479"
          ],
          "pending": [],
          "skipped": [],
          "duration": 0,
          "root": false,
          "rootEmpty": false,
          "_timeout": 2000
        }
      ],
      "passes": [],
      "failures": [],
      "pending": [],
      "skipped": [],
      "duration": 0,
      "root": true,
      "rootEmpty": true,
      "_timeout": 2000
    }
  ],
  "meta": {
    "mocha": {
      "version": "9.2.0"
    },
    "mochawesome": {
      "options": {
        "quiet": false,
        "reportFilename": "mochawesome",
        "saveHtml": true,
        "saveJson": true,
        "consoleReporter": "spec",
        "useInlineDiffs": false,
        "code": true
      },
      "version": "7.0.1"
    },
    "marge": {
      "options": null,
      "version": "6.0.1"
    }
  }
}